[14:43:57] [Server thread/INFO]: Starting minecraft server version 1.10
[14:43:57] [Server thread/WARN]: To start the server with more ram, launch it as "java -Xmx1024M -Xms1024M -jar minecraft_server.jar"
[14:43:57] [Server console handler/ERROR]: Exception handling console input
java.io.IOException: The handle is invalid
	at java.io.FileInputStream.readBytes(Native Method) ~[?:1.8.0_91]
	at java.io.FileInputStream.read(Unknown Source) ~[?:1.8.0_91]
	at java.io.BufferedInputStream.read1(Unknown Source) ~[?:1.8.0_91]
	at java.io.BufferedInputStream.read(Unknown Source) ~[?:1.8.0_91]
	at sun.nio.cs.StreamDecoder.readBytes(Unknown Source) ~[?:1.8.0_91]
	at sun.nio.cs.StreamDecoder.implRead(Unknown Source) ~[?:1.8.0_91]
	at sun.nio.cs.StreamDecoder.read(Unknown Source) ~[?:1.8.0_91]
	at java.io.InputStreamReader.read(Unknown Source) ~[?:1.8.0_91]
	at java.io.BufferedReader.fill(Unknown Source) ~[?:1.8.0_91]
	at java.io.BufferedReader.readLine(Unknown Source) ~[?:1.8.0_91]
	at java.io.BufferedReader.readLine(Unknown Source) ~[?:1.8.0_91]
	at ld$2.run(SourceFile:95) [minecraft_server.1.10.jar:?]
[14:43:57] [Server thread/INFO]: Loading properties
[14:43:58] [Server thread/INFO]: Default game type: SURVIVAL
[14:43:58] [Server thread/INFO]: Generating keypair
[14:43:58] [Server thread/INFO]: Starting Minecraft server on 192.168.1.110:25565
[14:43:58] [Server thread/INFO]: Using default channel type
[14:43:58] [Server thread/WARN]: **** SERVER IS RUNNING IN OFFLINE/INSECURE MODE!
[14:43:58] [Server thread/WARN]: The server will make no attempt to authenticate usernames. Beware.
[14:43:58] [Server thread/WARN]: While this makes the game possible to play without internet access, it also opens up the ability for hackers to connect with any username they choose.
[14:43:58] [Server thread/WARN]: To change this, set "online-mode" to "true" in the server.properties file.
[14:43:58] [Server thread/INFO]: Preparing level "world"
[14:43:58] [Server thread/INFO]: Preparing start region for level 0
[14:43:59] [Server thread/INFO]: Preparing spawn area: 15%
[14:44:00] [Server thread/INFO]: Preparing spawn area: 50%
[14:44:01] [Server thread/INFO]: Preparing spawn area: 97%
[14:44:01] [Server thread/INFO]: Done (3,229s)! For help, type "help" or "?"
[14:49:22] [Server thread/INFO]: lenart[/89.142.73.209:60359] logged in with entity id 331 at (107.5, 64.0, 251.5)
[14:49:22] [Server thread/INFO]: lenart joined the game
[14:49:32] [Server thread/INFO]: <lenart> najs
[14:50:14] [Server thread/INFO]: lenart has just earned the achievement [Taking Inventory]
[14:50:32] [Server thread/INFO]: lenart has just earned the achievement [Getting Wood]
[14:51:26] [Server thread/INFO]: lenart lost connection: TextComponent{text='Disconnected', siblings=[], style=Style{hasParent=false, color=null, bold=null, italic=null, underlined=null, obfuscated=null, clickEvent=null, hoverEvent=null, insertion=null}}
[14:51:26] [Server thread/INFO]: lenart left the game
[14:52:24] [Server thread/INFO]: lolo[/89.142.73.209:60735] logged in with entity id 2570 at (19.65736962176771, 63.0, 272.1786212968566)
[14:52:24] [Server thread/INFO]: lolo joined the game
[14:52:38] [Server thread/INFO]: lolo was slain by Spider
[15:27:30] [Server thread/INFO]: lolo was slain by Zombie
[15:33:03] [Server thread/INFO]: lolo lost connection: TranslatableComponent{key='disconnect.genericReason', args=[Internal Exception: java.io.IOException: An existing connection was forcibly closed by the remote host], siblings=[], style=Style{hasParent=false, color=null, bold=null, italic=null, underlined=null, obfuscated=null, clickEvent=null, hoverEvent=null, insertion=null}}
[15:33:03] [Server thread/INFO]: lolo left the game
[16:04:29] [Server thread/INFO]: Stopping server
[16:04:29] [Server thread/INFO]: Saving players
[16:04:29] [Server thread/INFO]: Saving worlds
[16:04:29] [Server thread/INFO]: Saving chunks for level 'world'/Overworld
[16:04:29] [Server Shutdown Thread/INFO]: Stopping server
